#***************************************************************************

#sjplacer

#Version:            1.1

#Build Date:         Jul 19 2017 14:31:00

<<<<<<< HEAD
#File Generated:     Apr 19 2018 12:16:06
=======
#File Generated:     Apr 22 2018 09:57:15
>>>>>>> bde16a60fc9443ec2d8f488d376a61c4e0b16aa3

#Purpose:            

#Copyright (C) 2010-2011 by Softjin Technologies Pvt Ltd. All rights reserved.

#***************************************************************************

Executing : C:\Program Files (x86)\Cypress\PSoC Creator\4.1\PSoC Creator\bin/sjplacer.exe --proj-name rotary_enc_hard --netlist-vh2 rotary_enc_hard_p.vh2 --arch p35_udb4x6 --arch-file C:\Program Files (x86)\Cypress\PSoC Creator\4.1\PSoC Creator\dev\arch/udbdsi_4x6_24.cydata --ip-file C:\Program Files (x86)\Cypress\PSoC Creator\4.1\PSoC Creator\dev\psoc5/psoc5lp/ip_blocks.cydata --rrg-file C:\Program Files (x86)\Cypress\PSoC Creator\4.1\PSoC Creator\dev\psoc5/psoc5lp/route_arch-rrg.cydata --irq-file C:\Program Files (x86)\Cypress\PSoC Creator\4.1\PSoC Creator\dev\psoc5/psoc5lp/irqconn.cydata --drq-file C:\Program Files (x86)\Cypress\PSoC Creator\4.1\PSoC Creator\dev\psoc5/psoc5lp/dmaconn.cydata --dsi-conn-file C:\Program Files (x86)\Cypress\PSoC Creator\4.1\PSoC Creator\dev\psoc5/psoc5lp/dsiconn.cydata --pins-file pins_68-QFN.xml --lib-file rotary_enc_hard_p.lib --sdc-file rotary_enc_hard.sdc --io-pcf rotary_enc_hard.pci --outdir .

		Softjin Techologies Placer, Version 1.1

Build Date : Jul 19 2017	14:29:55

D2004: Option and Settings Summary
=============================================================
Netlist vh2 file          - rotary_enc_hard_p.vh2
Architecture file         - C:\Program Files (x86)\Cypress\PSoC Creator\4.1\PSoC Creator\dev\arch/udbdsi_4x6_24.cydata
Package                   - 
Defparam file             - 
SDC file                  - rotary_enc_hard.sdc
Output directory          - .
Timing library            - rotary_enc_hard_p.lib
IO Placement file         - rotary_enc_hard.pci

D2050: Starting reading inputs for placer
=============================================================
D2065: Reading netlist file : "rotary_enc_hard_p.vh2"
D2065: Reading arch file : "C:\Program Files (x86)\Cypress\PSoC Creator\4.1\PSoC Creator\dev\arch/udbdsi_4x6_24.cydata"
D2051: Reading of inputs for placer completed successfully

D2053: Starting placement of the design
=============================================================

Phase 2
Phase 3

Design Statistics after Packing
<<<<<<< HEAD
    Number of Combinational MCs 	:	18
    Number of Sequential MCs    	:	33
    Number of DPs               	:	7
    Number of Controls          	:	3
    Number of Status            	:	5
=======
    Number of Combinational MCs 	:	28
    Number of Sequential MCs    	:	50
    Number of DPs               	:	11
    Number of Controls          	:	5
    Number of Status            	:	8
>>>>>>> bde16a60fc9443ec2d8f488d376a61c4e0b16aa3
    Number of SyncCells         	:	0
    Number of count7cells       	:	1

Device Utilization Summary after Packing
<<<<<<< HEAD
    Macrocells                  :	51/192
    UDBS                        :	10/24
    IOs                         :	7/72
=======
    Macrocells                  :	78/192
    UDBS                        :	16/24
    IOs                         :	10/72
>>>>>>> bde16a60fc9443ec2d8f488d376a61c4e0b16aa3


D2088: Phase 3, elapsed time : 0.0 (sec)

Phase 4
D2088: Phase 4, elapsed time : 0.0 (sec)

Phase 5
D2088: Phase 5, elapsed time : 0.0 (sec)

Phase 6

######################################################################
Placement Timing Summary

The timing summary is based on estimated routing delays after
placement. For final timing report, please carry out the timing
analysis after routing.
======================================================================

######################################################################
                     Clock Summary 
======================================================================
Number of clocks: 10
<<<<<<< HEAD
Clock: Clock_1              | Frequency:  40.7 MHz | Target:   3.0 MHz
Clock: Clock_2              | Frequency: N/A       | Target:   0.0 MHz
Clock: Clock_2(routed)      | Frequency: N/A       | Target:   0.0 MHz
Clock: Clock_3              | Frequency:  59.7 MHz | Target:   0.1 MHz
Clock: CyBUS_CLK            | Frequency:  56.0 MHz | Target:  24.0 MHz
=======
Clock: Clock_1              | Frequency:  42.6 MHz | Target:   3.0 MHz
Clock: Clock_2              | Frequency: N/A       | Target:   0.0 MHz
Clock: Clock_2(routed)      | Frequency: N/A       | Target:   0.0 MHz
Clock: Clock_3              | Frequency:  59.7 MHz | Target:   0.1 MHz
Clock: CyBUS_CLK            | Frequency:  45.4 MHz | Target:  24.0 MHz
>>>>>>> bde16a60fc9443ec2d8f488d376a61c4e0b16aa3
Clock: CyILO                | Frequency: N/A       | Target:   0.1 MHz
Clock: CyIMO                | Frequency: N/A       | Target:  24.0 MHz
Clock: CyMASTER_CLK         | Frequency: N/A       | Target:  24.0 MHz
Clock: CyPLL_OUT            | Frequency: N/A       | Target:  24.0 MHz
<<<<<<< HEAD
Clock: UART_IntClock        | Frequency:  46.9 MHz | Target:   0.1 MHz
=======
Clock: UART_IntClock        | Frequency:  39.7 MHz | Target:   0.1 MHz
>>>>>>> bde16a60fc9443ec2d8f488d376a61c4e0b16aa3

======================================================================
                     End of Clock Summary
######################################################################

D2088: Phase 6, elapsed time : 0.1 (sec)

Phase 7
######################################################################
                     Clock Summary 
======================================================================
Number of clocks: 10
<<<<<<< HEAD
Clock: Clock_1              | Frequency:  38.0 MHz | Target:   3.0 MHz
=======
Clock: Clock_1              | Frequency:  37.2 MHz | Target:   3.0 MHz
>>>>>>> bde16a60fc9443ec2d8f488d376a61c4e0b16aa3
Clock: Clock_2              | Frequency: N/A       | Target:   0.0 MHz
Clock: Clock_2(routed)      | Frequency: N/A       | Target:   0.0 MHz
Clock: Clock_3              | Frequency:  59.7 MHz | Target:   0.1 MHz
Clock: CyBUS_CLK            | Frequency:   1.4 MHz | Target:  24.0 MHz
Clock: CyILO                | Frequency: N/A       | Target:   0.1 MHz
Clock: CyIMO                | Frequency: N/A       | Target:  24.0 MHz
Clock: CyMASTER_CLK         | Frequency: N/A       | Target:  24.0 MHz
Clock: CyPLL_OUT            | Frequency: N/A       | Target:  24.0 MHz
Clock: UART_IntClock        | Frequency:   1.4 MHz | Target:   0.1 MHz

======================================================================
                     End of Clock Summary
######################################################################
<<<<<<< HEAD
D2088: Phase 7, elapsed time : 1.0 (sec)

Final Design Statistics
    Number of Combinational MCs 	:	18
    Number of Sequential MCs    	:	33
    Number of DPs               	:	7
    Number of Controls          	:	3
    Number of Status            	:	5
    Number of SyncCells         	:	0
    Number of count7cells       	:	1
    Number of IOs       	:	7

Device Utilization Summary
    Macrocells                  :	51/192
    IOs                         :	7/72
=======
D2088: Phase 7, elapsed time : 1.5 (sec)

Final Design Statistics
    Number of Combinational MCs 	:	28
    Number of Sequential MCs    	:	50
    Number of DPs               	:	11
    Number of Controls          	:	5
    Number of Status            	:	8
    Number of SyncCells         	:	0
    Number of count7cells       	:	1
    Number of IOs       	:	10

Device Utilization Summary
    Macrocells                  :	78/192
    IOs                         :	10/72
>>>>>>> bde16a60fc9443ec2d8f488d376a61c4e0b16aa3



######################################################################
Placement Timing Summary

The timing summary is based on estimated routing delays after
placement. For final timing report, please carry out the timing
analysis after routing.
======================================================================


######################################################################
                     Clock Summary 
======================================================================
Number of clocks: 10
<<<<<<< HEAD
Clock: Clock_1              | Frequency:  41.7 MHz | Target:   3.0 MHz
Clock: Clock_2              | Frequency: N/A       | Target:   0.0 MHz
Clock: Clock_2(routed)      | Frequency: N/A       | Target:   0.0 MHz
Clock: Clock_3              | Frequency:  59.7 MHz | Target:   0.1 MHz
Clock: CyBUS_CLK            | Frequency:   1.4 MHz | Target:  24.0 MHz
=======
Clock: Clock_1              | Frequency:  28.1 MHz | Target:   3.0 MHz
Clock: Clock_2              | Frequency: N/A       | Target:   0.0 MHz
Clock: Clock_2(routed)      | Frequency: N/A       | Target:   0.0 MHz
Clock: Clock_3              | Frequency:  53.1 MHz | Target:   0.1 MHz
Clock: CyBUS_CLK            | Frequency:   1.5 MHz | Target:  24.0 MHz
>>>>>>> bde16a60fc9443ec2d8f488d376a61c4e0b16aa3
Clock: CyILO                | Frequency: N/A       | Target:   0.1 MHz
Clock: CyIMO                | Frequency: N/A       | Target:  24.0 MHz
Clock: CyMASTER_CLK         | Frequency: N/A       | Target:  24.0 MHz
Clock: CyPLL_OUT            | Frequency: N/A       | Target:  24.0 MHz
<<<<<<< HEAD
Clock: UART_IntClock        | Frequency:   1.4 MHz | Target:   0.1 MHz
=======
Clock: UART_IntClock        | Frequency:   1.5 MHz | Target:   0.1 MHz
>>>>>>> bde16a60fc9443ec2d8f488d376a61c4e0b16aa3

======================================================================
                     End of Clock Summary
######################################################################

Phase 8
D2088: Phase 8, elapsed time : 0.0 (sec)

D2054: Placement of the design completed successfully

<<<<<<< HEAD
I2076: Total run-time: 2.2 sec.
=======
I2076: Total run-time: 2.5 sec.
>>>>>>> bde16a60fc9443ec2d8f488d376a61c4e0b16aa3

