ARM GAS  C:\Users\MECHAT~1\AppData\Local\Temp\ccEQ8ISc.s 			page 1


   1              		.syntax unified
   2              		.cpu cortex-m3
   3              		.fpu softvfp
   4              		.eabi_attribute 20, 1
   5              		.eabi_attribute 21, 1
   6              		.eabi_attribute 23, 3
   7              		.eabi_attribute 24, 1
   8              		.eabi_attribute 25, 1
   9              		.eabi_attribute 26, 1
  10              		.eabi_attribute 30, 1
  11              		.eabi_attribute 34, 1
  12              		.eabi_attribute 18, 4
  13              		.thumb
  14              		.syntax unified
  15              		.file	"cymetadata.c"
  16              		.text
  17              	.Ltext0:
  18              		.cfi_sections	.debug_frame
  19              		.global	cy_metadata
  20              		.global	cy_meta_flashprotect
  21              		.global	cy_meta_wonvl
  22              		.global	cy_meta_custnvl
  23              		.global	cy_meta_configecc
  24              		.section	.cyconfigecc,"a",%progbits
  25              		.align	2
  26              		.type	cy_meta_configecc, %object
  27              		.size	cy_meta_configecc, 1032
  28              	cy_meta_configecc:
  29 0000 01       		.byte	1
  30 0001 45       		.byte	69
  31 0002 00       		.byte	0
  32 0003 40       		.byte	64
  33 0004 02       		.byte	2
  34 0005 52       		.byte	82
  35 0006 00       		.byte	0
  36 0007 40       		.byte	64
  37 0008 03       		.byte	3
  38 0009 65       		.byte	101
  39 000a 00       		.byte	0
  40 000b 40       		.byte	64
  41 000c 36       		.byte	54
  42 000d 04       		.byte	4
  43 000e 01       		.byte	1
  44 000f 40       		.byte	64
  45 0010 24       		.byte	36
  46 0011 05       		.byte	5
  47 0012 01       		.byte	1
  48 0013 40       		.byte	64
  49 0014 4F       		.byte	79
  50 0015 06       		.byte	6
  51 0016 01       		.byte	1
  52 0017 40       		.byte	64
  53 0018 2D       		.byte	45
  54 0019 07       		.byte	7
  55 001a 01       		.byte	1
  56 001b 40       		.byte	64
  57 001c 3F       		.byte	63
ARM GAS  C:\Users\MECHAT~1\AppData\Local\Temp\ccEQ8ISc.s 			page 2


  58 001d 14       		.byte	20
  59 001e 01       		.byte	1
  60 001f 40       		.byte	64
  61 0020 21       		.byte	33
  62 0021 15       		.byte	21
  63 0022 01       		.byte	1
  64 0023 40       		.byte	64
  65 0024 2C       		.byte	44
  66 0025 16       		.byte	22
  67 0026 01       		.byte	1
  68 0027 40       		.byte	64
  69 0028 38       		.byte	56
  70 0029 17       		.byte	23
  71 002a 01       		.byte	1
  72 002b 40       		.byte	64
  73 002c 02       		.byte	2
  74 002d 19       		.byte	25
  75 002e 01       		.byte	1
  76 002f 40       		.byte	64
  77 0030 03       		.byte	3
  78 0031 40       		.byte	64
  79 0032 01       		.byte	1
  80 0033 40       		.byte	64
  81 0034 03       		.byte	3
  82 0035 41       		.byte	65
  83 0036 01       		.byte	1
  84 0037 40       		.byte	64
  85 0038 03       		.byte	3
  86 0039 42       		.byte	66
  87 003a 01       		.byte	1
  88 003b 40       		.byte	64
  89 003c 03       		.byte	3
  90 003d 43       		.byte	67
  91 003e 01       		.byte	1
  92 003f 40       		.byte	64
  93 0040 04       		.byte	4
  94 0041 47       		.byte	71
  95 0042 01       		.byte	1
  96 0043 40       		.byte	64
  97 0044 07       		.byte	7
  98 0045 48       		.byte	72
  99 0046 01       		.byte	1
 100 0047 40       		.byte	64
 101 0048 09       		.byte	9
 102 0049 49       		.byte	73
 103 004a 01       		.byte	1
 104 004b 40       		.byte	64
 105 004c 02       		.byte	2
 106 004d 4C       		.byte	76
 107 004e 01       		.byte	1
 108 004f 40       		.byte	64
 109 0050 04       		.byte	4
 110 0051 50       		.byte	80
 111 0052 01       		.byte	1
 112 0053 40       		.byte	64
 113 0054 01       		.byte	1
 114 0055 51       		.byte	81
ARM GAS  C:\Users\MECHAT~1\AppData\Local\Temp\ccEQ8ISc.s 			page 3


 115 0056 01       		.byte	1
 116 0057 40       		.byte	64
 117 0058 7E       		.byte	126
 118 0059 02       		.byte	2
 119 005a 18       		.byte	24
 120 005b 02       		.byte	2
 121 005c 7C       		.byte	124
 122 005d 40       		.byte	64
 123 005e 85       		.byte	-123
 124 005f 0D       		.byte	13
 125 0060 86       		.byte	-122
 126 0061 0F       		.byte	15
 127 0062 87       		.byte	-121
 128 0063 6F       		.byte	111
 129 0064 00       		.byte	0
 130 0065 80       		.byte	-128
 131 0066 02       		.byte	2
 132 0067 14       		.byte	20
 133 0068 04       		.byte	4
 134 0069 04       		.byte	4
 135 006a 06       		.byte	6
 136 006b F0       		.byte	-16
 137 006c 08       		.byte	8
 138 006d B4       		.byte	-76
 139 006e 09       		.byte	9
 140 006f FE       		.byte	-2
 141 0070 0A       		.byte	10
 142 0071 40       		.byte	64
 143 0072 0B       		.byte	11
 144 0073 01       		.byte	1
 145 0074 12       		.byte	18
 146 0075 03       		.byte	3
 147 0076 13       		.byte	19
 148 0077 01       		.byte	1
 149 0078 14       		.byte	20
 150 0079 C4       		.byte	-60
 151 007a 15       		.byte	21
 152 007b C5       		.byte	-59
 153 007c 16       		.byte	22
 154 007d 10       		.byte	16
 155 007e 17       		.byte	23
 156 007f 3A       		.byte	58
 157 0080 18       		.byte	24
 158 0081 01       		.byte	1
 159 0082 19       		.byte	25
 160 0083 0E       		.byte	14
 161 0084 1B       		.byte	27
 162 0085 F0       		.byte	-16
 163 0086 1D       		.byte	29
 164 0087 96       		.byte	-106
 165 0088 1F       		.byte	31
 166 0089 68       		.byte	104
 167 008a 20       		.byte	32
 168 008b 70       		.byte	112
 169 008c 21       		.byte	33
 170 008d 7F       		.byte	127
 171 008e 24       		.byte	36
ARM GAS  C:\Users\MECHAT~1\AppData\Local\Temp\ccEQ8ISc.s 			page 4


 172 008f C4       		.byte	-60
 173 0090 26       		.byte	38
 174 0091 20       		.byte	32
 175 0092 29       		.byte	41
 176 0093 A3       		.byte	-93
 177 0094 2A       		.byte	42
 178 0095 08       		.byte	8
 179 0096 2B       		.byte	43
 180 0097 5C       		.byte	92
 181 0098 2E       		.byte	46
 182 0099 01       		.byte	1
 183 009a 30       		.byte	48
 184 009b 0C       		.byte	12
 185 009c 32       		.byte	50
 186 009d F0       		.byte	-16
 187 009e 33       		.byte	51
 188 009f FF       		.byte	-1
 189 00a0 34       		.byte	52
 190 00a1 02       		.byte	2
 191 00a2 36       		.byte	54
 192 00a3 01       		.byte	1
 193 00a4 3E       		.byte	62
 194 00a5 40       		.byte	64
 195 00a6 3F       		.byte	63
 196 00a7 04       		.byte	4
 197 00a8 52       		.byte	82
 198 00a9 80       		.byte	-128
 199 00aa 58       		.byte	88
 200 00ab 04       		.byte	4
 201 00ac 59       		.byte	89
 202 00ad 04       		.byte	4
 203 00ae 5B       		.byte	91
 204 00af 04       		.byte	4
 205 00b0 5F       		.byte	95
 206 00b1 01       		.byte	1
 207 00b2 80       		.byte	-128
 208 00b3 77       		.byte	119
 209 00b4 84       		.byte	-124
 210 00b5 CC       		.byte	-52
 211 00b6 86       		.byte	-122
 212 00b7 31       		.byte	49
 213 00b8 94       		.byte	-108
 214 00b9 AC       		.byte	-84
 215 00ba 96       		.byte	-106
 216 00bb 52       		.byte	82
 217 00bc 98       		.byte	-104
 218 00bd FB       		.byte	-5
 219 00be 9A       		.byte	-102
 220 00bf 04       		.byte	4
 221 00c0 A0       		.byte	-96
 222 00c1 50       		.byte	80
 223 00c2 A2       		.byte	-94
 224 00c3 AF       		.byte	-81
 225 00c4 A8       		.byte	-88
 226 00c5 38       		.byte	56
 227 00c6 AA       		.byte	-86
 228 00c7 C1       		.byte	-63
ARM GAS  C:\Users\MECHAT~1\AppData\Local\Temp\ccEQ8ISc.s 			page 5


 229 00c8 B2       		.byte	-78
 230 00c9 0F       		.byte	15
 231 00ca B4       		.byte	-76
 232 00cb F0       		.byte	-16
 233 00cc D8       		.byte	-40
 234 00cd 04       		.byte	4
 235 00ce DF       		.byte	-33
 236 00cf 01       		.byte	1
 237 00d0 01       		.byte	1
 238 00d1 10       		.byte	16
 239 00d2 02       		.byte	2
 240 00d3 C0       		.byte	-64
 241 00d4 03       		.byte	3
 242 00d5 20       		.byte	32
 243 00d6 05       		.byte	5
 244 00d7 02       		.byte	2
 245 00d8 06       		.byte	6
 246 00d9 10       		.byte	16
 247 00da 09       		.byte	9
 248 00db 08       		.byte	8
 249 00dc 0A       		.byte	10
 250 00dd 44       		.byte	68
 251 00de 0D       		.byte	13
 252 00df 08       		.byte	8
 253 00e0 0E       		.byte	14
 254 00e1 08       		.byte	8
 255 00e2 10       		.byte	16
 256 00e3 42       		.byte	66
 257 00e4 12       		.byte	18
 258 00e5 18       		.byte	24
 259 00e6 16       		.byte	22
 260 00e7 40       		.byte	64
 261 00e8 17       		.byte	23
 262 00e9 10       		.byte	16
 263 00ea 19       		.byte	25
 264 00eb 81       		.byte	-127
 265 00ec 1A       		.byte	26
 266 00ed 44       		.byte	68
 267 00ee 1B       		.byte	27
 268 00ef 44       		.byte	68
 269 00f0 1D       		.byte	29
 270 00f1 08       		.byte	8
 271 00f2 1E       		.byte	30
 272 00f3 08       		.byte	8
 273 00f4 1F       		.byte	31
 274 00f5 10       		.byte	16
 275 00f6 22       		.byte	34
 276 00f7 08       		.byte	8
 277 00f8 28       		.byte	40
 278 00f9 40       		.byte	64
 279 00fa 29       		.byte	41
 280 00fb 02       		.byte	2
 281 00fc 2A       		.byte	42
 282 00fd 10       		.byte	16
 283 00fe 2B       		.byte	43
 284 00ff 04       		.byte	4
 285 0100 31       		.byte	49
ARM GAS  C:\Users\MECHAT~1\AppData\Local\Temp\ccEQ8ISc.s 			page 6


 286 0101 09       		.byte	9
 287 0102 32       		.byte	50
 288 0103 80       		.byte	-128
 289 0104 33       		.byte	51
 290 0105 30       		.byte	48
 291 0106 39       		.byte	57
 292 0107 10       		.byte	16
 293 0108 3B       		.byte	59
 294 0109 20       		.byte	32
 295 010a 70       		.byte	112
 296 010b 02       		.byte	2
 297 010c C0       		.byte	-64
 298 010d 3E       		.byte	62
 299 010e C2       		.byte	-62
 300 010f 6E       		.byte	110
 301 0110 C4       		.byte	-60
 302 0111 5F       		.byte	95
 303 0112 CA       		.byte	-54
 304 0113 05       		.byte	5
 305 0114 CC       		.byte	-52
 306 0115 0F       		.byte	15
 307 0116 CE       		.byte	-50
 308 0117 04       		.byte	4
 309 0118 40       		.byte	64
 310 0119 56       		.byte	86
 311 011a 41       		.byte	65
 312 011b 02       		.byte	2
 313 011c 49       		.byte	73
 314 011d FF       		.byte	-1
 315 011e 4A       		.byte	74
 316 011f FF       		.byte	-1
 317 0120 4B       		.byte	75
 318 0121 FF       		.byte	-1
 319 0122 4D       		.byte	77
 320 0123 A0       		.byte	-96
 321 0124 4F       		.byte	79
 322 0125 01       		.byte	1
 323 0126 50       		.byte	80
 324 0127 18       		.byte	24
 325 0128 5A       		.byte	90
 326 0129 04       		.byte	4
 327 012a 5F       		.byte	95
 328 012b 01       		.byte	1
 329 012c 60       		.byte	96
 330 012d 40       		.byte	64
 331 012e 62       		.byte	98
 332 012f 80       		.byte	-128
 333 0130 64       		.byte	100
 334 0131 40       		.byte	64
 335 0132 65       		.byte	101
 336 0133 40       		.byte	64
 337 0134 66       		.byte	102
 338 0135 80       		.byte	-128
 339 0136 68       		.byte	104
 340 0137 40       		.byte	64
 341 0138 6A       		.byte	106
 342 0139 80       		.byte	-128
ARM GAS  C:\Users\MECHAT~1\AppData\Local\Temp\ccEQ8ISc.s 			page 7


 343 013a 6C       		.byte	108
 344 013b 40       		.byte	64
 345 013c 6D       		.byte	109
 346 013d 20       		.byte	32
 347 013e 6E       		.byte	110
 348 013f 80       		.byte	-128
 349 0140 80       		.byte	-128
 350 0141 40       		.byte	64
 351 0142 84       		.byte	-124
 352 0143 10       		.byte	16
 353 0144 86       		.byte	-122
 354 0145 20       		.byte	32
 355 0146 88       		.byte	-120
 356 0147 1C       		.byte	28
 357 0148 89       		.byte	-119
 358 0149 FD       		.byte	-3
 359 014a 8A       		.byte	-118
 360 014b 20       		.byte	32
 361 014c 8B       		.byte	-117
 362 014d 02       		.byte	2
 363 014e 8E       		.byte	-114
 364 014f 80       		.byte	-128
 365 0150 90       		.byte	-112
 366 0151 77       		.byte	119
 367 0152 94       		.byte	-108
 368 0153 7A       		.byte	122
 369 0154 95       		.byte	-107
 370 0155 9E       		.byte	-98
 371 0156 97       		.byte	-105
 372 0157 60       		.byte	96
 373 0158 99       		.byte	-103
 374 0159 94       		.byte	-108
 375 015a 9A       		.byte	-102
 376 015b 70       		.byte	112
 377 015c 9B       		.byte	-101
 378 015d 60       		.byte	96
 379 015e 9D       		.byte	-99
 380 015f 30       		.byte	48
 381 0160 9F       		.byte	-97
 382 0161 C9       		.byte	-55
 383 0162 A1       		.byte	-95
 384 0163 73       		.byte	115
 385 0164 A4       		.byte	-92
 386 0165 0C       		.byte	12
 387 0166 A6       		.byte	-90
 388 0167 40       		.byte	64
 389 0168 A7       		.byte	-89
 390 0169 0F       		.byte	15
 391 016a A8       		.byte	-88
 392 016b 01       		.byte	1
 393 016c A9       		.byte	-87
 394 016d CF       		.byte	-49
 395 016e AB       		.byte	-85
 396 016f 30       		.byte	48
 397 0170 AC       		.byte	-84
 398 0171 01       		.byte	1
 399 0172 B0       		.byte	-80
ARM GAS  C:\Users\MECHAT~1\AppData\Local\Temp\ccEQ8ISc.s 			page 8


 400 0173 0E       		.byte	14
 401 0174 B1       		.byte	-79
 402 0175 FF       		.byte	-1
 403 0176 B2       		.byte	-78
 404 0177 F0       		.byte	-16
 405 0178 B4       		.byte	-76
 406 0179 01       		.byte	1
 407 017a B8       		.byte	-72
 408 017b 22       		.byte	34
 409 017c BE       		.byte	-66
 410 017d 10       		.byte	16
 411 017e BF       		.byte	-65
 412 017f 01       		.byte	1
 413 0180 C0       		.byte	-64
 414 0181 52       		.byte	82
 415 0182 C1       		.byte	-63
 416 0183 03       		.byte	3
 417 0184 C5       		.byte	-59
 418 0185 0E       		.byte	14
 419 0186 C6       		.byte	-58
 420 0187 C4       		.byte	-60
 421 0188 C7       		.byte	-57
 422 0189 23       		.byte	35
 423 018a C8       		.byte	-56
 424 018b 3D       		.byte	61
 425 018c C9       		.byte	-55
 426 018d FF       		.byte	-1
 427 018e CA       		.byte	-54
 428 018f FF       		.byte	-1
 429 0190 CB       		.byte	-53
 430 0191 FF       		.byte	-1
 431 0192 CD       		.byte	-51
 432 0193 AF       		.byte	-81
 433 0194 CE       		.byte	-50
 434 0195 07       		.byte	7
 435 0196 CF       		.byte	-49
 436 0197 01       		.byte	1
 437 0198 D0       		.byte	-48
 438 0199 18       		.byte	24
 439 019a D8       		.byte	-40
 440 019b 04       		.byte	4
 441 019c D9       		.byte	-39
 442 019d 04       		.byte	4
 443 019e DA       		.byte	-38
 444 019f 04       		.byte	4
 445 01a0 DF       		.byte	-33
 446 01a1 01       		.byte	1
 447 01a2 E0       		.byte	-32
 448 01a3 40       		.byte	64
 449 01a4 E2       		.byte	-30
 450 01a5 80       		.byte	-128
 451 01a6 E4       		.byte	-28
 452 01a7 40       		.byte	64
 453 01a8 E5       		.byte	-27
 454 01a9 40       		.byte	64
 455 01aa E6       		.byte	-26
 456 01ab 80       		.byte	-128
ARM GAS  C:\Users\MECHAT~1\AppData\Local\Temp\ccEQ8ISc.s 			page 9


 457 01ac E8       		.byte	-24
 458 01ad 40       		.byte	64
 459 01ae EA       		.byte	-22
 460 01af 80       		.byte	-128
 461 01b0 EC       		.byte	-20
 462 01b1 40       		.byte	64
 463 01b2 ED       		.byte	-19
 464 01b3 20       		.byte	32
 465 01b4 EE       		.byte	-18
 466 01b5 80       		.byte	-128
 467 01b6 00       		.byte	0
 468 01b7 80       		.byte	-128
 469 01b8 02       		.byte	2
 470 01b9 88       		.byte	-120
 471 01ba 03       		.byte	3
 472 01bb 20       		.byte	32
 473 01bc 08       		.byte	8
 474 01bd 10       		.byte	16
 475 01be 0A       		.byte	10
 476 01bf 40       		.byte	64
 477 01c0 0B       		.byte	11
 478 01c1 20       		.byte	32
 479 01c2 10       		.byte	16
 480 01c3 0A       		.byte	10
 481 01c4 12       		.byte	18
 482 01c5 10       		.byte	16
 483 01c6 18       		.byte	24
 484 01c7 04       		.byte	4
 485 01c8 19       		.byte	25
 486 01c9 0A       		.byte	10
 487 01ca 1A       		.byte	26
 488 01cb 50       		.byte	80
 489 01cc 1B       		.byte	27
 490 01cd 10       		.byte	16
 491 01ce 20       		.byte	32
 492 01cf 80       		.byte	-128
 493 01d0 28       		.byte	40
 494 01d1 10       		.byte	16
 495 01d2 29       		.byte	41
 496 01d3 0A       		.byte	10
 497 01d4 2A       		.byte	42
 498 01d5 18       		.byte	24
 499 01d6 2B       		.byte	43
 500 01d7 04       		.byte	4
 501 01d8 31       		.byte	49
 502 01d9 08       		.byte	8
 503 01da 32       		.byte	50
 504 01db 88       		.byte	-120
 505 01dc 33       		.byte	51
 506 01dd 20       		.byte	32
 507 01de 3B       		.byte	59
 508 01df 20       		.byte	32
 509 01e0 40       		.byte	64
 510 01e1 04       		.byte	4
 511 01e2 42       		.byte	66
 512 01e3 10       		.byte	16
 513 01e4 46       		.byte	70
ARM GAS  C:\Users\MECHAT~1\AppData\Local\Temp\ccEQ8ISc.s 			page 10


 514 01e5 08       		.byte	8
 515 01e6 49       		.byte	73
 516 01e7 84       		.byte	-124
 517 01e8 4F       		.byte	79
 518 01e9 A0       		.byte	-96
 519 01ea 50       		.byte	80
 520 01eb CA       		.byte	-54
 521 01ec 52       		.byte	82
 522 01ed 21       		.byte	33
 523 01ee 53       		.byte	83
 524 01ef 01       		.byte	1
 525 01f0 87       		.byte	-121
 526 01f1 12       		.byte	18
 527 01f2 93       		.byte	-109
 528 01f3 20       		.byte	32
 529 01f4 99       		.byte	-103
 530 01f5 80       		.byte	-128
 531 01f6 9D       		.byte	-99
 532 01f7 02       		.byte	2
 533 01f8 A1       		.byte	-95
 534 01f9 08       		.byte	8
 535 01fa A3       		.byte	-93
 536 01fb 44       		.byte	68
 537 01fc A6       		.byte	-90
 538 01fd 80       		.byte	-128
 539 01fe A7       		.byte	-89
 540 01ff 20       		.byte	32
 541 0200 C0       		.byte	-64
 542 0201 0F       		.byte	15
 543 0202 C2       		.byte	-62
 544 0203 0E       		.byte	14
 545 0204 C4       		.byte	-60
 546 0205 07       		.byte	7
 547 0206 CA       		.byte	-54
 548 0207 07       		.byte	7
 549 0208 CC       		.byte	-52
 550 0209 0E       		.byte	14
 551 020a CE       		.byte	-50
 552 020b 04       		.byte	4
 553 020c D0       		.byte	-48
 554 020d 26       		.byte	38
 555 020e D2       		.byte	-46
 556 020f 38       		.byte	56
 557 0210 40       		.byte	64
 558 0211 30       		.byte	48
 559 0212 41       		.byte	65
 560 0213 02       		.byte	2
 561 0214 49       		.byte	73
 562 0215 FF       		.byte	-1
 563 0216 4A       		.byte	74
 564 0217 FF       		.byte	-1
 565 0218 4B       		.byte	75
 566 0219 FF       		.byte	-1
 567 021a 4D       		.byte	77
 568 021b A0       		.byte	-96
 569 021c 4F       		.byte	79
 570 021d 04       		.byte	4
ARM GAS  C:\Users\MECHAT~1\AppData\Local\Temp\ccEQ8ISc.s 			page 11


 571 021e 50       		.byte	80
 572 021f 18       		.byte	24
 573 0220 5A       		.byte	90
 574 0221 04       		.byte	4
 575 0222 5D       		.byte	93
 576 0223 01       		.byte	1
 577 0224 5F       		.byte	95
 578 0225 01       		.byte	1
 579 0226 60       		.byte	96
 580 0227 40       		.byte	64
 581 0228 62       		.byte	98
 582 0229 C0       		.byte	-64
 583 022a 64       		.byte	100
 584 022b 40       		.byte	64
 585 022c 65       		.byte	101
 586 022d 40       		.byte	64
 587 022e 66       		.byte	102
 588 022f C0       		.byte	-64
 589 0230 68       		.byte	104
 590 0231 C0       		.byte	-64
 591 0232 6A       		.byte	106
 592 0233 C0       		.byte	-64
 593 0234 6C       		.byte	108
 594 0235 C0       		.byte	-64
 595 0236 6E       		.byte	110
 596 0237 C0       		.byte	-64
 597 0238 87       		.byte	-121
 598 0239 01       		.byte	1
 599 023a 8B       		.byte	-117
 600 023b 02       		.byte	2
 601 023c 96       		.byte	-106
 602 023d 02       		.byte	2
 603 023e 9A       		.byte	-102
 604 023f 06       		.byte	6
 605 0240 A5       		.byte	-91
 606 0241 01       		.byte	1
 607 0242 AB       		.byte	-85
 608 0243 02       		.byte	2
 609 0244 AE       		.byte	-82
 610 0245 01       		.byte	1
 611 0246 B0       		.byte	-80
 612 0247 02       		.byte	2
 613 0248 B2       		.byte	-78
 614 0249 01       		.byte	1
 615 024a B4       		.byte	-76
 616 024b 04       		.byte	4
 617 024c B5       		.byte	-75
 618 024d 02       		.byte	2
 619 024e B7       		.byte	-73
 620 024f 01       		.byte	1
 621 0250 BF       		.byte	-65
 622 0251 10       		.byte	16
 623 0252 C0       		.byte	-64
 624 0253 30       		.byte	48
 625 0254 C1       		.byte	-63
 626 0255 06       		.byte	6
 627 0256 C5       		.byte	-59
ARM GAS  C:\Users\MECHAT~1\AppData\Local\Temp\ccEQ8ISc.s 			page 12


 628 0257 D1       		.byte	-47
 629 0258 C6       		.byte	-58
 630 0259 20       		.byte	32
 631 025a C8       		.byte	-56
 632 025b 0B       		.byte	11
 633 025c C9       		.byte	-55
 634 025d FF       		.byte	-1
 635 025e CA       		.byte	-54
 636 025f FF       		.byte	-1
 637 0260 CB       		.byte	-53
 638 0261 FF       		.byte	-1
 639 0262 CD       		.byte	-51
 640 0263 AF       		.byte	-81
 641 0264 CE       		.byte	-50
 642 0265 0F       		.byte	15
 643 0266 CF       		.byte	-49
 644 0267 04       		.byte	4
 645 0268 D0       		.byte	-48
 646 0269 18       		.byte	24
 647 026a D2       		.byte	-46
 648 026b 80       		.byte	-128
 649 026c D4       		.byte	-44
 650 026d 05       		.byte	5
 651 026e D8       		.byte	-40
 652 026f 04       		.byte	4
 653 0270 D9       		.byte	-39
 654 0271 04       		.byte	4
 655 0272 DA       		.byte	-38
 656 0273 04       		.byte	4
 657 0274 DB       		.byte	-37
 658 0275 04       		.byte	4
 659 0276 DC       		.byte	-36
 660 0277 11       		.byte	17
 661 0278 DD       		.byte	-35
 662 0279 11       		.byte	17
 663 027a DF       		.byte	-33
 664 027b 01       		.byte	1
 665 027c E0       		.byte	-32
 666 027d 40       		.byte	64
 667 027e E2       		.byte	-30
 668 027f C0       		.byte	-64
 669 0280 E4       		.byte	-28
 670 0281 40       		.byte	64
 671 0282 E5       		.byte	-27
 672 0283 40       		.byte	64
 673 0284 E6       		.byte	-26
 674 0285 C0       		.byte	-64
 675 0286 E8       		.byte	-24
 676 0287 C0       		.byte	-64
 677 0288 EA       		.byte	-22
 678 0289 C0       		.byte	-64
 679 028a EC       		.byte	-20
 680 028b C0       		.byte	-64
 681 028c EE       		.byte	-18
 682 028d C0       		.byte	-64
 683 028e 0D       		.byte	13
 684 028f 08       		.byte	8
ARM GAS  C:\Users\MECHAT~1\AppData\Local\Temp\ccEQ8ISc.s 			page 13


 685 0290 0F       		.byte	15
 686 0291 04       		.byte	4
 687 0292 17       		.byte	23
 688 0293 40       		.byte	64
 689 0294 1C       		.byte	28
 690 0295 10       		.byte	16
 691 0296 1D       		.byte	29
 692 0297 09       		.byte	9
 693 0298 1F       		.byte	31
 694 0299 24       		.byte	36
 695 029a 26       		.byte	38
 696 029b 40       		.byte	64
 697 029c 27       		.byte	39
 698 029d 08       		.byte	8
 699 029e 2F       		.byte	47
 700 029f 24       		.byte	36
 701 02a0 3F       		.byte	63
 702 02a1 24       		.byte	36
 703 02a2 40       		.byte	64
 704 02a3 10       		.byte	16
 705 02a4 41       		.byte	65
 706 02a5 20       		.byte	32
 707 02a6 45       		.byte	69
 708 02a7 08       		.byte	8
 709 02a8 4F       		.byte	79
 710 02a9 25       		.byte	37
 711 02aa 55       		.byte	85
 712 02ab 20       		.byte	32
 713 02ac 57       		.byte	87
 714 02ad 10       		.byte	16
 715 02ae 5E       		.byte	94
 716 02af 80       		.byte	-128
 717 02b0 5F       		.byte	95
 718 02b1 09       		.byte	9
 719 02b2 77       		.byte	119
 720 02b3 40       		.byte	64
 721 02b4 87       		.byte	-121
 722 02b5 10       		.byte	16
 723 02b6 8C       		.byte	-116
 724 02b7 02       		.byte	2
 725 02b8 8D       		.byte	-115
 726 02b9 01       		.byte	1
 727 02ba 97       		.byte	-105
 728 02bb 20       		.byte	32
 729 02bc 9C       		.byte	-100
 730 02bd 02       		.byte	2
 731 02be C2       		.byte	-62
 732 02bf 60       		.byte	96
 733 02c0 C4       		.byte	-60
 734 02c1 80       		.byte	-128
 735 02c2 CA       		.byte	-54
 736 02c3 60       		.byte	96
 737 02c4 CE       		.byte	-50
 738 02c5 60       		.byte	96
 739 02c6 D0       		.byte	-48
 740 02c7 46       		.byte	70
 741 02c8 D2       		.byte	-46
ARM GAS  C:\Users\MECHAT~1\AppData\Local\Temp\ccEQ8ISc.s 			page 14


 742 02c9 20       		.byte	32
 743 02ca D6       		.byte	-42
 744 02cb D0       		.byte	-48
 745 02cc E0       		.byte	-32
 746 02cd 10       		.byte	16
 747 02ce E6       		.byte	-26
 748 02cf 40       		.byte	64
 749 02d0 05       		.byte	5
 750 02d1 02       		.byte	2
 751 02d2 0A       		.byte	10
 752 02d3 02       		.byte	2
 753 02d4 0B       		.byte	11
 754 02d5 02       		.byte	2
 755 02d6 14       		.byte	20
 756 02d7 02       		.byte	2
 757 02d8 18       		.byte	24
 758 02d9 02       		.byte	2
 759 02da 27       		.byte	39
 760 02db 01       		.byte	1
 761 02dc 2B       		.byte	43
 762 02dd 02       		.byte	2
 763 02de 2E       		.byte	46
 764 02df 01       		.byte	1
 765 02e0 31       		.byte	49
 766 02e1 02       		.byte	2
 767 02e2 32       		.byte	50
 768 02e3 02       		.byte	2
 769 02e4 34       		.byte	52
 770 02e5 01       		.byte	1
 771 02e6 37       		.byte	55
 772 02e7 01       		.byte	1
 773 02e8 3E       		.byte	62
 774 02e9 04       		.byte	4
 775 02ea 3F       		.byte	63
 776 02eb 01       		.byte	1
 777 02ec 54       		.byte	84
 778 02ed 0F       		.byte	15
 779 02ee 58       		.byte	88
 780 02ef 04       		.byte	4
 781 02f0 59       		.byte	89
 782 02f1 04       		.byte	4
 783 02f2 5B       		.byte	91
 784 02f3 04       		.byte	4
 785 02f4 5F       		.byte	95
 786 02f5 01       		.byte	1
 787 02f6 8F       		.byte	-113
 788 02f7 01       		.byte	1
 789 02f8 91       		.byte	-111
 790 02f9 04       		.byte	4
 791 02fa 97       		.byte	-105
 792 02fb 06       		.byte	6
 793 02fc 9C       		.byte	-100
 794 02fd 02       		.byte	2
 795 02fe 9E       		.byte	-98
 796 02ff 04       		.byte	4
 797 0300 A2       		.byte	-94
 798 0301 01       		.byte	1
ARM GAS  C:\Users\MECHAT~1\AppData\Local\Temp\ccEQ8ISc.s 			page 15


 799 0302 A3       		.byte	-93
 800 0303 08       		.byte	8
 801 0304 A4       		.byte	-92
 802 0305 04       		.byte	4
 803 0306 A8       		.byte	-88
 804 0307 02       		.byte	2
 805 0308 A9       		.byte	-87
 806 0309 01       		.byte	1
 807 030a B0       		.byte	-80
 808 030b 04       		.byte	4
 809 030c B1       		.byte	-79
 810 030d 02       		.byte	2
 811 030e B2       		.byte	-78
 812 030f 02       		.byte	2
 813 0310 B3       		.byte	-77
 814 0311 04       		.byte	4
 815 0312 B4       		.byte	-76
 816 0313 01       		.byte	1
 817 0314 B5       		.byte	-75
 818 0315 08       		.byte	8
 819 0316 B7       		.byte	-73
 820 0317 01       		.byte	1
 821 0318 B8       		.byte	-72
 822 0319 08       		.byte	8
 823 031a BE       		.byte	-66
 824 031b 01       		.byte	1
 825 031c BF       		.byte	-65
 826 031d 44       		.byte	68
 827 031e D4       		.byte	-44
 828 031f 0F       		.byte	15
 829 0320 D8       		.byte	-40
 830 0321 04       		.byte	4
 831 0322 D9       		.byte	-39
 832 0323 04       		.byte	4
 833 0324 DB       		.byte	-37
 834 0325 04       		.byte	4
 835 0326 DF       		.byte	-33
 836 0327 05       		.byte	5
 837 0328 04       		.byte	4
 838 0329 20       		.byte	32
 839 032a 0B       		.byte	11
 840 032b 02       		.byte	2
 841 032c 0E       		.byte	14
 842 032d 14       		.byte	20
 843 032e 10       		.byte	16
 844 032f 88       		.byte	-120
 845 0330 13       		.byte	19
 846 0331 04       		.byte	4
 847 0332 14       		.byte	20
 848 0333 02       		.byte	2
 849 0334 18       		.byte	24
 850 0335 20       		.byte	32
 851 0336 19       		.byte	25
 852 0337 21       		.byte	33
 853 0338 1A       		.byte	26
 854 0339 04       		.byte	4
 855 033a 1B       		.byte	27
ARM GAS  C:\Users\MECHAT~1\AppData\Local\Temp\ccEQ8ISc.s 			page 16


 856 033b 08       		.byte	8
 857 033c 1E       		.byte	30
 858 033d 20       		.byte	32
 859 033e 1F       		.byte	31
 860 033f 20       		.byte	32
 861 0340 21       		.byte	33
 862 0341 02       		.byte	2
 863 0342 22       		.byte	34
 864 0343 44       		.byte	68
 865 0344 23       		.byte	35
 866 0345 04       		.byte	4
 867 0346 26       		.byte	38
 868 0347 80       		.byte	-128
 869 0348 27       		.byte	39
 870 0349 80       		.byte	-128
 871 034a 29       		.byte	41
 872 034b 20       		.byte	32
 873 034c 2A       		.byte	42
 874 034d 01       		.byte	1
 875 034e 2F       		.byte	47
 876 034f 18       		.byte	24
 877 0350 30       		.byte	48
 878 0351 08       		.byte	8
 879 0352 31       		.byte	49
 880 0353 02       		.byte	2
 881 0354 38       		.byte	56
 882 0355 80       		.byte	-128
 883 0356 3E       		.byte	62
 884 0357 14       		.byte	20
 885 0358 59       		.byte	89
 886 0359 11       		.byte	17
 887 035a 5A       		.byte	90
 888 035b 88       		.byte	-120
 889 035c 5E       		.byte	94
 890 035d 28       		.byte	40
 891 035e 5F       		.byte	95
 892 035f 82       		.byte	-126
 893 0360 61       		.byte	97
 894 0361 04       		.byte	4
 895 0362 62       		.byte	98
 896 0363 20       		.byte	32
 897 0364 7A       		.byte	122
 898 0365 04       		.byte	4
 899 0366 81       		.byte	-127
 900 0367 10       		.byte	16
 901 0368 83       		.byte	-125
 902 0369 01       		.byte	1
 903 036a 90       		.byte	-112
 904 036b 80       		.byte	-128
 905 036c 92       		.byte	-110
 906 036d 10       		.byte	16
 907 036e 93       		.byte	-109
 908 036f 02       		.byte	2
 909 0370 99       		.byte	-103
 910 0371 04       		.byte	4
 911 0372 9A       		.byte	-102
 912 0373 01       		.byte	1
ARM GAS  C:\Users\MECHAT~1\AppData\Local\Temp\ccEQ8ISc.s 			page 17


 913 0374 9B       		.byte	-101
 914 0375 02       		.byte	2
 915 0376 A0       		.byte	-96
 916 0377 88       		.byte	-120
 917 0378 A2       		.byte	-94
 918 0379 24       		.byte	36
 919 037a A6       		.byte	-90
 920 037b 80       		.byte	-128
 921 037c A7       		.byte	-89
 922 037d 20       		.byte	32
 923 037e A9       		.byte	-87
 924 037f 02       		.byte	2
 925 0380 AA       		.byte	-86
 926 0381 04       		.byte	4
 927 0382 C0       		.byte	-64
 928 0383 40       		.byte	64
 929 0384 C2       		.byte	-62
 930 0385 61       		.byte	97
 931 0386 C4       		.byte	-60
 932 0387 8E       		.byte	-114
 933 0388 CA       		.byte	-54
 934 0389 65       		.byte	101
 935 038a CC       		.byte	-52
 936 038b 03       		.byte	3
 937 038c CE       		.byte	-50
 938 038d 68       		.byte	104
 939 038e D6       		.byte	-42
 940 038f FF       		.byte	-1
 941 0390 D8       		.byte	-40
 942 0391 06       		.byte	6
 943 0392 DE       		.byte	-34
 944 0393 04       		.byte	4
 945 0394 EA       		.byte	-22
 946 0395 02       		.byte	2
 947 0396 EE       		.byte	-18
 948 0397 0A       		.byte	10
 949 0398 EA       		.byte	-22
 950 0399 02       		.byte	2
 951 039a EE       		.byte	-18
 952 039b 0A       		.byte	10
 953 039c 33       		.byte	51
 954 039d 81       		.byte	-127
 955 039e 36       		.byte	54
 956 039f 48       		.byte	72
 957 03a0 CC       		.byte	-52
 958 03a1 F0       		.byte	-16
 959 03a2 9F       		.byte	-97
 960 03a3 01       		.byte	1
 961 03a4 A6       		.byte	-90
 962 03a5 48       		.byte	72
 963 03a6 A7       		.byte	-89
 964 03a7 80       		.byte	-128
 965 03a8 9F       		.byte	-97
 966 03a9 01       		.byte	1
 967 03aa A6       		.byte	-90
 968 03ab 48       		.byte	72
 969 03ac A7       		.byte	-89
ARM GAS  C:\Users\MECHAT~1\AppData\Local\Temp\ccEQ8ISc.s 			page 18


 970 03ad 80       		.byte	-128
 971 03ae 9F       		.byte	-97
 972 03af 01       		.byte	1
 973 03b0 A6       		.byte	-90
 974 03b1 48       		.byte	72
 975 03b2 A7       		.byte	-89
 976 03b3 80       		.byte	-128
 977 03b4 08       		.byte	8
 978 03b5 08       		.byte	8
 979 03b6 0B       		.byte	11
 980 03b7 04       		.byte	4
 981 03b8 0F       		.byte	15
 982 03b9 40       		.byte	64
 983 03ba C2       		.byte	-62
 984 03bb 0E       		.byte	14
 985 03bc 26       		.byte	38
 986 03bd 08       		.byte	8
 987 03be A6       		.byte	-90
 988 03bf 08       		.byte	8
 989 03c0 AE       		.byte	-82
 990 03c1 40       		.byte	64
 991 03c2 AF       		.byte	-81
 992 03c3 81       		.byte	-127
 993 03c4 C8       		.byte	-56
 994 03c5 80       		.byte	-128
 995 03c6 EA       		.byte	-22
 996 03c7 40       		.byte	64
 997 03c8 EE       		.byte	-18
 998 03c9 50       		.byte	80
 999 03ca 08       		.byte	8
 1000 03cb 80       		.byte	-128
 1001 03cc 0D       		.byte	13
 1002 03cd 80       		.byte	-128
 1003 03ce 56       		.byte	86
 1004 03cf 20       		.byte	32
 1005 03d0 85       		.byte	-123
 1006 03d1 80       		.byte	-128
 1007 03d2 8C       		.byte	-116
 1008 03d3 80       		.byte	-128
 1009 03d4 8E       		.byte	-114
 1010 03d5 20       		.byte	32
 1011 03d6 C2       		.byte	-62
 1012 03d7 C0       		.byte	-64
 1013 03d8 D4       		.byte	-44
 1014 03d9 40       		.byte	64
 1015 03da E4       		.byte	-28
 1016 03db 40       		.byte	64
 1017 03dc AC       		.byte	-84
 1018 03dd 08       		.byte	8
 1019 03de AF       		.byte	-81
 1020 03df 44       		.byte	68
 1021 03e0 00       		.byte	0
 1022 03e1 01       		.byte	1
 1023 03e2 0A       		.byte	10
 1024 03e3 01       		.byte	1
 1025 03e4 10       		.byte	16
 1026 03e5 03       		.byte	3
ARM GAS  C:\Users\MECHAT~1\AppData\Local\Temp\ccEQ8ISc.s 			page 19


 1027 03e6 1A       		.byte	26
 1028 03e7 03       		.byte	3
 1029 03e8 00       		.byte	0
 1030 03e9 EA       		.byte	-22
 1031 03ea 00       		.byte	0
 1032 03eb 00       		.byte	0
 1033 03ec 40       		.byte	64
 1034 03ed 00       		.byte	0
 1035 03ee 00       		.byte	0
 1036 03ef 00       		.byte	0
 1037 03f0 00       		.byte	0
 1038 03f1 00       		.byte	0
 1039 03f2 00       		.byte	0
 1040 03f3 00       		.byte	0
 1041 03f4 C0       		.byte	-64
 1042 03f5 00       		.byte	0
 1043 03f6 00       		.byte	0
 1044 03f7 00       		.byte	0
 1045 03f8 00       		.byte	0
 1046 03f9 0B       		.byte	11
 1047 03fa 0B       		.byte	11
 1048 03fb 00       		.byte	0
 1049 03fc 00       		.byte	0
 1050 03fd 00       		.byte	0
 1051 03fe 00       		.byte	0
 1052 03ff 00       		.byte	0
 1053 0400 C0       		.byte	-64
 1054 0401 02       		.byte	2
 1055 0402 02       		.byte	2
 1056 0403 00       		.byte	0
 1057 0404 02       		.byte	2
 1058 0405 00       		.byte	0
 1059 0406 00       		.byte	0
 1060 0407 00       		.byte	0
 1061              		.section	.cywolatch,"a",%progbits
 1062              		.align	2
 1063              		.type	cy_meta_wonvl, %object
 1064              		.size	cy_meta_wonvl, 4
 1065              	cy_meta_wonvl:
 1066 0000 BC       		.byte	-68
 1067 0001 90       		.byte	-112
 1068 0002 AC       		.byte	-84
 1069 0003 AF       		.byte	-81
 1070              		.section	.cycustnvl,"a",%progbits
 1071              		.align	2
 1072              		.type	cy_meta_custnvl, %object
 1073              		.size	cy_meta_custnvl, 4
 1074              	cy_meta_custnvl:
 1075 0000 00       		.byte	0
 1076 0001 00       		.byte	0
 1077 0002 40       		.byte	64
 1078 0003 05       		.byte	5
 1079              		.section	.cymeta,"a",%progbits
 1080              		.align	2
 1081              		.type	cy_metadata, %object
 1082              		.size	cy_metadata, 12
 1083              	cy_metadata:
ARM GAS  C:\Users\MECHAT~1\AppData\Local\Temp\ccEQ8ISc.s 			page 20


 1084 0000 00       		.byte	0
 1085 0001 01       		.byte	1
 1086 0002 2E       		.byte	46
 1087 0003 12       		.byte	18
 1088 0004 30       		.byte	48
 1089 0005 69       		.byte	105
 1090 0006 00       		.byte	0
 1091 0007 01       		.byte	1
 1092 0008 00       		.byte	0
 1093 0009 00       		.byte	0
 1094 000a 00       		.byte	0
 1095 000b 00       		.byte	0
 1096              		.section	.cyflashprotect,"a",%progbits
 1097              		.align	2
 1098              		.type	cy_meta_flashprotect, %object
 1099              		.size	cy_meta_flashprotect, 256
 1100              	cy_meta_flashprotect:
 1101 0000 00000000 		.space	256
 1101      00000000 
 1101      00000000 
 1101      00000000 
 1101      00000000 
 1102              		.text
 1103              	.Letext0:
 1104              		.file 1 "c:\\program files (x86)\\cypress\\psoc creator\\4.1\\psoc creator\\import\\gnu\\arm\\5.4.
 1105              		.file 2 "c:\\program files (x86)\\cypress\\psoc creator\\4.1\\psoc creator\\import\\gnu\\arm\\5.4.
 1106              		.file 3 "Generated_Source\\PSoC5\\cymetadata.c"
 1107              		.section	.debug_info,"",%progbits
 1108              	.Ldebug_info0:
 1109 0000 31010000 		.4byte	0x131
 1110 0004 0400     		.2byte	0x4
 1111 0006 00000000 		.4byte	.Ldebug_abbrev0
 1112 000a 04       		.byte	0x4
 1113 000b 01       		.uleb128 0x1
 1114 000c 24000000 		.4byte	.LASF17
 1115 0010 0C       		.byte	0xc
 1116 0011 CE010000 		.4byte	.LASF18
 1117 0015 7E010000 		.4byte	.LASF19
 1118 0019 00000000 		.4byte	.Ldebug_line0
 1119 001d 02       		.uleb128 0x2
 1120 001e 01       		.byte	0x1
 1121 001f 06       		.byte	0x6
 1122 0020 72010000 		.4byte	.LASF0
 1123 0024 03       		.uleb128 0x3
 1124 0025 00000000 		.4byte	.LASF9
 1125 0029 01       		.byte	0x1
 1126 002a 1D       		.byte	0x1d
 1127 002b 2F000000 		.4byte	0x2f
 1128 002f 02       		.uleb128 0x2
 1129 0030 01       		.byte	0x1
 1130 0031 08       		.byte	0x8
 1131 0032 16000000 		.4byte	.LASF1
 1132 0036 02       		.uleb128 0x2
 1133 0037 02       		.byte	0x2
 1134 0038 05       		.byte	0x5
 1135 0039 5F010000 		.4byte	.LASF2
 1136 003d 02       		.uleb128 0x2
ARM GAS  C:\Users\MECHAT~1\AppData\Local\Temp\ccEQ8ISc.s 			page 21


 1137 003e 02       		.byte	0x2
 1138 003f 07       		.byte	0x7
 1139 0040 C4000000 		.4byte	.LASF3
 1140 0044 02       		.uleb128 0x2
 1141 0045 04       		.byte	0x4
 1142 0046 05       		.byte	0x5
 1143 0047 69010000 		.4byte	.LASF4
 1144 004b 02       		.uleb128 0x2
 1145 004c 04       		.byte	0x4
 1146 004d 07       		.byte	0x7
 1147 004e B2000000 		.4byte	.LASF5
 1148 0052 02       		.uleb128 0x2
 1149 0053 08       		.byte	0x8
 1150 0054 05       		.byte	0x5
 1151 0055 51010000 		.4byte	.LASF6
 1152 0059 02       		.uleb128 0x2
 1153 005a 08       		.byte	0x8
 1154 005b 07       		.byte	0x7
 1155 005c 06010000 		.4byte	.LASF7
 1156 0060 04       		.uleb128 0x4
 1157 0061 04       		.byte	0x4
 1158 0062 05       		.byte	0x5
 1159 0063 696E7400 		.ascii	"int\000"
 1160 0067 02       		.uleb128 0x2
 1161 0068 04       		.byte	0x4
 1162 0069 07       		.byte	0x7
 1163 006a F9000000 		.4byte	.LASF8
 1164 006e 03       		.uleb128 0x3
 1165 006f 1D010000 		.4byte	.LASF10
 1166 0073 02       		.byte	0x2
 1167 0074 18       		.byte	0x18
 1168 0075 24000000 		.4byte	0x24
 1169 0079 05       		.uleb128 0x5
 1170 007a 91000000 		.4byte	0x91
 1171 007e 8A000000 		.4byte	0x8a
 1172 0082 06       		.uleb128 0x6
 1173 0083 8A000000 		.4byte	0x8a
 1174 0087 0704     		.2byte	0x407
 1175 0089 00       		.byte	0
 1176 008a 02       		.uleb128 0x2
 1177 008b 04       		.byte	0x4
 1178 008c 07       		.byte	0x7
 1179 008d 48010000 		.4byte	.LASF11
 1180 0091 07       		.uleb128 0x7
 1181 0092 6E000000 		.4byte	0x6e
 1182 0096 08       		.uleb128 0x8
 1183 0097 E7000000 		.4byte	.LASF12
 1184 009b 03       		.byte	0x3
 1185 009c 1F       		.byte	0x1f
 1186 009d A7000000 		.4byte	0xa7
 1187 00a1 05       		.uleb128 0x5
 1188 00a2 03       		.byte	0x3
 1189 00a3 00000000 		.4byte	cy_meta_configecc
 1190 00a7 07       		.uleb128 0x7
 1191 00a8 79000000 		.4byte	0x79
 1192 00ac 05       		.uleb128 0x5
 1193 00ad 91000000 		.4byte	0x91
ARM GAS  C:\Users\MECHAT~1\AppData\Local\Temp\ccEQ8ISc.s 			page 22


 1194 00b1 BC000000 		.4byte	0xbc
 1195 00b5 09       		.uleb128 0x9
 1196 00b6 8A000000 		.4byte	0x8a
 1197 00ba 03       		.byte	0x3
 1198 00bb 00       		.byte	0
 1199 00bc 08       		.uleb128 0x8
 1200 00bd D7000000 		.4byte	.LASF13
 1201 00c1 03       		.byte	0x3
 1202 00c2 AD       		.byte	0xad
 1203 00c3 CD000000 		.4byte	0xcd
 1204 00c7 05       		.uleb128 0x5
 1205 00c8 03       		.byte	0x3
 1206 00c9 00000000 		.4byte	cy_meta_custnvl
 1207 00cd 07       		.uleb128 0x7
 1208 00ce AC000000 		.4byte	0xac
 1209 00d2 08       		.uleb128 0x8
 1210 00d3 3A010000 		.4byte	.LASF14
 1211 00d7 03       		.byte	0x3
 1212 00d8 BB       		.byte	0xbb
 1213 00d9 E3000000 		.4byte	0xe3
 1214 00dd 05       		.uleb128 0x5
 1215 00de 03       		.byte	0x3
 1216 00df 00000000 		.4byte	cy_meta_wonvl
 1217 00e3 07       		.uleb128 0x7
 1218 00e4 AC000000 		.4byte	0xac
 1219 00e8 05       		.uleb128 0x5
 1220 00e9 91000000 		.4byte	0x91
 1221 00ed F8000000 		.4byte	0xf8
 1222 00f1 09       		.uleb128 0x9
 1223 00f2 8A000000 		.4byte	0x8a
 1224 00f6 FF       		.byte	0xff
 1225 00f7 00       		.byte	0
 1226 00f8 08       		.uleb128 0x8
 1227 00f9 25010000 		.4byte	.LASF15
 1228 00fd 03       		.byte	0x3
 1229 00fe C9       		.byte	0xc9
 1230 00ff 09010000 		.4byte	0x109
 1231 0103 05       		.uleb128 0x5
 1232 0104 03       		.byte	0x3
 1233 0105 00000000 		.4byte	cy_meta_flashprotect
 1234 0109 07       		.uleb128 0x7
 1235 010a E8000000 		.4byte	0xe8
 1236 010e 05       		.uleb128 0x5
 1237 010f 91000000 		.4byte	0x91
 1238 0113 1E010000 		.4byte	0x11e
 1239 0117 09       		.uleb128 0x9
 1240 0118 8A000000 		.4byte	0x8a
 1241 011c 0B       		.byte	0xb
 1242 011d 00       		.byte	0
 1243 011e 08       		.uleb128 0x8
 1244 011f 0A000000 		.4byte	.LASF16
 1245 0123 03       		.byte	0x3
 1246 0124 F6       		.byte	0xf6
 1247 0125 2F010000 		.4byte	0x12f
 1248 0129 05       		.uleb128 0x5
 1249 012a 03       		.byte	0x3
 1250 012b 00000000 		.4byte	cy_metadata
ARM GAS  C:\Users\MECHAT~1\AppData\Local\Temp\ccEQ8ISc.s 			page 23


 1251 012f 07       		.uleb128 0x7
 1252 0130 0E010000 		.4byte	0x10e
 1253 0134 00       		.byte	0
 1254              		.section	.debug_abbrev,"",%progbits
 1255              	.Ldebug_abbrev0:
 1256 0000 01       		.uleb128 0x1
 1257 0001 11       		.uleb128 0x11
 1258 0002 01       		.byte	0x1
 1259 0003 25       		.uleb128 0x25
 1260 0004 0E       		.uleb128 0xe
 1261 0005 13       		.uleb128 0x13
 1262 0006 0B       		.uleb128 0xb
 1263 0007 03       		.uleb128 0x3
 1264 0008 0E       		.uleb128 0xe
 1265 0009 1B       		.uleb128 0x1b
 1266 000a 0E       		.uleb128 0xe
 1267 000b 10       		.uleb128 0x10
 1268 000c 17       		.uleb128 0x17
 1269 000d 00       		.byte	0
 1270 000e 00       		.byte	0
 1271 000f 02       		.uleb128 0x2
 1272 0010 24       		.uleb128 0x24
 1273 0011 00       		.byte	0
 1274 0012 0B       		.uleb128 0xb
 1275 0013 0B       		.uleb128 0xb
 1276 0014 3E       		.uleb128 0x3e
 1277 0015 0B       		.uleb128 0xb
 1278 0016 03       		.uleb128 0x3
 1279 0017 0E       		.uleb128 0xe
 1280 0018 00       		.byte	0
 1281 0019 00       		.byte	0
 1282 001a 03       		.uleb128 0x3
 1283 001b 16       		.uleb128 0x16
 1284 001c 00       		.byte	0
 1285 001d 03       		.uleb128 0x3
 1286 001e 0E       		.uleb128 0xe
 1287 001f 3A       		.uleb128 0x3a
 1288 0020 0B       		.uleb128 0xb
 1289 0021 3B       		.uleb128 0x3b
 1290 0022 0B       		.uleb128 0xb
 1291 0023 49       		.uleb128 0x49
 1292 0024 13       		.uleb128 0x13
 1293 0025 00       		.byte	0
 1294 0026 00       		.byte	0
 1295 0027 04       		.uleb128 0x4
 1296 0028 24       		.uleb128 0x24
 1297 0029 00       		.byte	0
 1298 002a 0B       		.uleb128 0xb
 1299 002b 0B       		.uleb128 0xb
 1300 002c 3E       		.uleb128 0x3e
 1301 002d 0B       		.uleb128 0xb
 1302 002e 03       		.uleb128 0x3
 1303 002f 08       		.uleb128 0x8
 1304 0030 00       		.byte	0
 1305 0031 00       		.byte	0
 1306 0032 05       		.uleb128 0x5
 1307 0033 01       		.uleb128 0x1
ARM GAS  C:\Users\MECHAT~1\AppData\Local\Temp\ccEQ8ISc.s 			page 24


 1308 0034 01       		.byte	0x1
 1309 0035 49       		.uleb128 0x49
 1310 0036 13       		.uleb128 0x13
 1311 0037 01       		.uleb128 0x1
 1312 0038 13       		.uleb128 0x13
 1313 0039 00       		.byte	0
 1314 003a 00       		.byte	0
 1315 003b 06       		.uleb128 0x6
 1316 003c 21       		.uleb128 0x21
 1317 003d 00       		.byte	0
 1318 003e 49       		.uleb128 0x49
 1319 003f 13       		.uleb128 0x13
 1320 0040 2F       		.uleb128 0x2f
 1321 0041 05       		.uleb128 0x5
 1322 0042 00       		.byte	0
 1323 0043 00       		.byte	0
 1324 0044 07       		.uleb128 0x7
 1325 0045 26       		.uleb128 0x26
 1326 0046 00       		.byte	0
 1327 0047 49       		.uleb128 0x49
 1328 0048 13       		.uleb128 0x13
 1329 0049 00       		.byte	0
 1330 004a 00       		.byte	0
 1331 004b 08       		.uleb128 0x8
 1332 004c 34       		.uleb128 0x34
 1333 004d 00       		.byte	0
 1334 004e 03       		.uleb128 0x3
 1335 004f 0E       		.uleb128 0xe
 1336 0050 3A       		.uleb128 0x3a
 1337 0051 0B       		.uleb128 0xb
 1338 0052 3B       		.uleb128 0x3b
 1339 0053 0B       		.uleb128 0xb
 1340 0054 49       		.uleb128 0x49
 1341 0055 13       		.uleb128 0x13
 1342 0056 3F       		.uleb128 0x3f
 1343 0057 19       		.uleb128 0x19
 1344 0058 02       		.uleb128 0x2
 1345 0059 18       		.uleb128 0x18
 1346 005a 00       		.byte	0
 1347 005b 00       		.byte	0
 1348 005c 09       		.uleb128 0x9
 1349 005d 21       		.uleb128 0x21
 1350 005e 00       		.byte	0
 1351 005f 49       		.uleb128 0x49
 1352 0060 13       		.uleb128 0x13
 1353 0061 2F       		.uleb128 0x2f
 1354 0062 0B       		.uleb128 0xb
 1355 0063 00       		.byte	0
 1356 0064 00       		.byte	0
 1357 0065 00       		.byte	0
 1358              		.section	.debug_aranges,"",%progbits
 1359 0000 14000000 		.4byte	0x14
 1360 0004 0200     		.2byte	0x2
 1361 0006 00000000 		.4byte	.Ldebug_info0
 1362 000a 04       		.byte	0x4
 1363 000b 00       		.byte	0
 1364 000c 0000     		.2byte	0
ARM GAS  C:\Users\MECHAT~1\AppData\Local\Temp\ccEQ8ISc.s 			page 25


 1365 000e 0000     		.2byte	0
 1366 0010 00000000 		.4byte	0
 1367 0014 00000000 		.4byte	0
 1368              		.section	.debug_line,"",%progbits
 1369              	.Ldebug_line0:
 1370 0000 3D010000 		.section	.debug_str,"MS",%progbits,1
 1370      02003701 
 1370      00000201 
 1370      FB0E0D00 
 1370      01010101 
 1371              	.LASF9:
 1372 0000 5F5F7569 		.ascii	"__uint8_t\000"
 1372      6E74385F 
 1372      7400
 1373              	.LASF16:
 1374 000a 63795F6D 		.ascii	"cy_metadata\000"
 1374      65746164 
 1374      61746100 
 1375              	.LASF1:
 1376 0016 756E7369 		.ascii	"unsigned char\000"
 1376      676E6564 
 1376      20636861 
 1376      7200
 1377              	.LASF17:
 1378 0024 474E5520 		.ascii	"GNU C11 5.4.1 20160609 (release) [ARM/embedded-5-br"
 1378      43313120 
 1378      352E342E 
 1378      31203230 
 1378      31363036 
 1379 0057 616E6368 		.ascii	"anch revision 237715] -mcpu=cortex-m3 -mthumb -g -O"
 1379      20726576 
 1379      6973696F 
 1379      6E203233 
 1379      37373135 
 1380 008a 67202D66 		.ascii	"g -ffunction-sections -ffat-lto-objects\000"
 1380      66756E63 
 1380      74696F6E 
 1380      2D736563 
 1380      74696F6E 
 1381              	.LASF5:
 1382 00b2 6C6F6E67 		.ascii	"long unsigned int\000"
 1382      20756E73 
 1382      69676E65 
 1382      6420696E 
 1382      7400
 1383              	.LASF3:
 1384 00c4 73686F72 		.ascii	"short unsigned int\000"
 1384      7420756E 
 1384      7369676E 
 1384      65642069 
 1384      6E7400
 1385              	.LASF13:
 1386 00d7 63795F6D 		.ascii	"cy_meta_custnvl\000"
 1386      6574615F 
 1386      63757374 
 1386      6E766C00 
 1387              	.LASF12:
ARM GAS  C:\Users\MECHAT~1\AppData\Local\Temp\ccEQ8ISc.s 			page 26


 1388 00e7 63795F6D 		.ascii	"cy_meta_configecc\000"
 1388      6574615F 
 1388      636F6E66 
 1388      69676563 
 1388      6300
 1389              	.LASF8:
 1390 00f9 756E7369 		.ascii	"unsigned int\000"
 1390      676E6564 
 1390      20696E74 
 1390      00
 1391              	.LASF7:
 1392 0106 6C6F6E67 		.ascii	"long long unsigned int\000"
 1392      206C6F6E 
 1392      6720756E 
 1392      7369676E 
 1392      65642069 
 1393              	.LASF10:
 1394 011d 75696E74 		.ascii	"uint8_t\000"
 1394      385F7400 
 1395              	.LASF15:
 1396 0125 63795F6D 		.ascii	"cy_meta_flashprotect\000"
 1396      6574615F 
 1396      666C6173 
 1396      6870726F 
 1396      74656374 
 1397              	.LASF14:
 1398 013a 63795F6D 		.ascii	"cy_meta_wonvl\000"
 1398      6574615F 
 1398      776F6E76 
 1398      6C00
 1399              	.LASF11:
 1400 0148 73697A65 		.ascii	"sizetype\000"
 1400      74797065 
 1400      00
 1401              	.LASF6:
 1402 0151 6C6F6E67 		.ascii	"long long int\000"
 1402      206C6F6E 
 1402      6720696E 
 1402      7400
 1403              	.LASF2:
 1404 015f 73686F72 		.ascii	"short int\000"
 1404      7420696E 
 1404      7400
 1405              	.LASF4:
 1406 0169 6C6F6E67 		.ascii	"long int\000"
 1406      20696E74 
 1406      00
 1407              	.LASF0:
 1408 0172 7369676E 		.ascii	"signed char\000"
 1408      65642063 
 1408      68617200 
 1409              	.LASF19:
 1410 017e 433A5C55 		.ascii	"C:\\Users\\mechatoro\\Documents\\PSoC Creator\\rota"
 1410      73657273 
 1410      5C6D6563 
 1410      6861746F 
 1410      726F5C44 
ARM GAS  C:\Users\MECHAT~1\AppData\Local\Temp\ccEQ8ISc.s 			page 27


 1411 01ac 72795F65 		.ascii	"ry_enc_hard\\rotary_enc_hard.cydsn\000"
 1411      6E635F68 
 1411      6172645C 
 1411      726F7461 
 1411      72795F65 
 1412              	.LASF18:
 1413 01ce 47656E65 		.ascii	"Generated_Source\\PSoC5\\cymetadata.c\000"
 1413      72617465 
 1413      645F536F 
 1413      75726365 
 1413      5C50536F 
 1414              		.ident	"GCC: (GNU Tools for ARM Embedded Processors) 5.4.1 20160609 (release) [ARM/embedded-5-bran
