<<<<<<< HEAD
ARM GAS  C:\Users\MECHAT~1\AppData\Local\Temp\ccTijn77.s 			page 1
=======
ARM GAS  C:\Users\MECHAT~1\AppData\Local\Temp\cctuesya.s 			page 1
>>>>>>> bde16a60fc9443ec2d8f488d376a61c4e0b16aa3


   1              		.syntax unified
   2              		.cpu cortex-m3
   3              		.fpu softvfp
   4              		.eabi_attribute 20, 1
   5              		.eabi_attribute 21, 1
   6              		.eabi_attribute 23, 3
   7              		.eabi_attribute 24, 1
   8              		.eabi_attribute 25, 1
   9              		.eabi_attribute 26, 1
  10              		.eabi_attribute 30, 1
  11              		.eabi_attribute 34, 1
  12              		.eabi_attribute 18, 4
  13              		.thumb
  14              		.syntax unified
  15              		.file	"USBUART_hid.c"
  16              		.text
  17              	.Ltext0:
  18              		.cfi_sections	.debug_frame
  19              	.Letext0:
  20              		.section	.debug_info,"",%progbits
  21              	.Ldebug_info0:
  22 0000 83000000 		.4byte	0x83
  23 0004 0400     		.2byte	0x4
  24 0006 00000000 		.4byte	.Ldebug_abbrev0
  25 000a 04       		.byte	0x4
  26 000b 01       		.uleb128 0x1
  27 000c 85000000 		.4byte	.LASF14
  28 0010 0C       		.byte	0xc
  29 0011 84010000 		.4byte	.LASF15
  30 0015 1B000000 		.4byte	.LASF16
  31 0019 00000000 		.4byte	.Ldebug_line0
  32 001d 02       		.uleb128 0x2
  33 001e 01       		.byte	0x1
  34 001f 06       		.byte	0x6
  35 0020 78010000 		.4byte	.LASF0
  36 0024 02       		.uleb128 0x2
  37 0025 01       		.byte	0x1
  38 0026 08       		.byte	0x8
  39 0027 42010000 		.4byte	.LASF1
  40 002b 02       		.uleb128 0x2
  41 002c 02       		.byte	0x2
  42 002d 05       		.byte	0x5
  43 002e B5010000 		.4byte	.LASF2
  44 0032 02       		.uleb128 0x2
  45 0033 02       		.byte	0x2
  46 0034 07       		.byte	0x7
  47 0035 65010000 		.4byte	.LASF3
  48 0039 02       		.uleb128 0x2
  49 003a 04       		.byte	0x4
  50 003b 05       		.byte	0x5
  51 003c 55010000 		.4byte	.LASF4
  52 0040 02       		.uleb128 0x2
  53 0041 04       		.byte	0x4
  54 0042 07       		.byte	0x7
  55 0043 13010000 		.4byte	.LASF5
  56 0047 02       		.uleb128 0x2
  57 0048 08       		.byte	0x8
<<<<<<< HEAD
ARM GAS  C:\Users\MECHAT~1\AppData\Local\Temp\ccTijn77.s 			page 2
=======
ARM GAS  C:\Users\MECHAT~1\AppData\Local\Temp\cctuesya.s 			page 2
>>>>>>> bde16a60fc9443ec2d8f488d376a61c4e0b16aa3


  58 0049 05       		.byte	0x5
  59 004a 00000000 		.4byte	.LASF6
  60 004e 02       		.uleb128 0x2
  61 004f 08       		.byte	0x8
  62 0050 07       		.byte	0x7
  63 0051 25010000 		.4byte	.LASF7
  64 0055 03       		.uleb128 0x3
  65 0056 04       		.byte	0x4
  66 0057 05       		.byte	0x5
  67 0058 696E7400 		.ascii	"int\000"
  68 005c 02       		.uleb128 0x2
  69 005d 04       		.byte	0x4
  70 005e 07       		.byte	0x7
  71 005f 0E000000 		.4byte	.LASF8
  72 0063 02       		.uleb128 0x2
  73 0064 04       		.byte	0x4
  74 0065 04       		.byte	0x4
  75 0066 3C010000 		.4byte	.LASF9
  76 006a 02       		.uleb128 0x2
  77 006b 08       		.byte	0x8
  78 006c 04       		.byte	0x4
  79 006d 5E010000 		.4byte	.LASF10
  80 0071 02       		.uleb128 0x2
  81 0072 01       		.byte	0x1
  82 0073 08       		.byte	0x8
  83 0074 50010000 		.4byte	.LASF11
  84 0078 02       		.uleb128 0x2
  85 0079 08       		.byte	0x8
  86 007a 04       		.byte	0x4
  87 007b A9010000 		.4byte	.LASF12
  88 007f 02       		.uleb128 0x2
  89 0080 04       		.byte	0x4
  90 0081 07       		.byte	0x7
  91 0082 BF010000 		.4byte	.LASF13
  92 0086 00       		.byte	0
  93              		.section	.debug_abbrev,"",%progbits
  94              	.Ldebug_abbrev0:
  95 0000 01       		.uleb128 0x1
  96 0001 11       		.uleb128 0x11
  97 0002 01       		.byte	0x1
  98 0003 25       		.uleb128 0x25
  99 0004 0E       		.uleb128 0xe
 100 0005 13       		.uleb128 0x13
 101 0006 0B       		.uleb128 0xb
 102 0007 03       		.uleb128 0x3
 103 0008 0E       		.uleb128 0xe
 104 0009 1B       		.uleb128 0x1b
 105 000a 0E       		.uleb128 0xe
 106 000b 10       		.uleb128 0x10
 107 000c 17       		.uleb128 0x17
 108 000d 00       		.byte	0
 109 000e 00       		.byte	0
 110 000f 02       		.uleb128 0x2
 111 0010 24       		.uleb128 0x24
 112 0011 00       		.byte	0
 113 0012 0B       		.uleb128 0xb
 114 0013 0B       		.uleb128 0xb
<<<<<<< HEAD
ARM GAS  C:\Users\MECHAT~1\AppData\Local\Temp\ccTijn77.s 			page 3
=======
ARM GAS  C:\Users\MECHAT~1\AppData\Local\Temp\cctuesya.s 			page 3
>>>>>>> bde16a60fc9443ec2d8f488d376a61c4e0b16aa3


 115 0014 3E       		.uleb128 0x3e
 116 0015 0B       		.uleb128 0xb
 117 0016 03       		.uleb128 0x3
 118 0017 0E       		.uleb128 0xe
 119 0018 00       		.byte	0
 120 0019 00       		.byte	0
 121 001a 03       		.uleb128 0x3
 122 001b 24       		.uleb128 0x24
 123 001c 00       		.byte	0
 124 001d 0B       		.uleb128 0xb
 125 001e 0B       		.uleb128 0xb
 126 001f 3E       		.uleb128 0x3e
 127 0020 0B       		.uleb128 0xb
 128 0021 03       		.uleb128 0x3
 129 0022 08       		.uleb128 0x8
 130 0023 00       		.byte	0
 131 0024 00       		.byte	0
 132 0025 00       		.byte	0
 133              		.section	.debug_aranges,"",%progbits
 134 0000 14000000 		.4byte	0x14
 135 0004 0200     		.2byte	0x2
 136 0006 00000000 		.4byte	.Ldebug_info0
 137 000a 04       		.byte	0x4
 138 000b 00       		.byte	0
 139 000c 0000     		.2byte	0
 140 000e 0000     		.2byte	0
 141 0010 00000000 		.4byte	0
 142 0014 00000000 		.4byte	0
 143              		.section	.debug_line,"",%progbits
 144              	.Ldebug_line0:
 145 0000 19000000 		.section	.debug_str,"MS",%progbits,1
 145      02001300 
 145      00000201 
 145      FB0E0D00 
 145      01010101 
 146              	.LASF6:
 147 0000 6C6F6E67 		.ascii	"long long int\000"
 147      206C6F6E 
 147      6720696E 
 147      7400
 148              	.LASF8:
 149 000e 756E7369 		.ascii	"unsigned int\000"
 149      676E6564 
 149      20696E74 
 149      00
<<<<<<< HEAD
 150              	.LASF14:
 151 001b 474E5520 		.ascii	"GNU C11 5.4.1 20160609 (release) [ARM/embedded-5-br"
 151      43313120 
 151      352E342E 
 151      31203230 
 151      31363036 
 152 004e 616E6368 		.ascii	"anch revision 237715] -mcpu=cortex-m3 -mthumb -g -O"
 152      20726576 
 152      6973696F 
 152      6E203233 
 152      37373135 
 153 0081 67202D66 		.ascii	"g -ffunction-sections -ffat-lto-objects\000"
ARM GAS  C:\Users\MECHAT~1\AppData\Local\Temp\ccTijn77.s 			page 4
=======
 150              	.LASF16:
 151 001b 433A5C55 		.ascii	"C:\\Users\\mechatoro\\Documents\\PSoC Creator\\rota"
 151      73657273 
 151      5C6D6563 
 151      6861746F 
 151      726F5C44 
 152 0049 72795F65 		.ascii	"ry_enc_hard_for_git\\PSoC_rotaryenc_PI\\rotary_enc_"
 152      6E635F68 
 152      6172645F 
 152      666F725F 
 152      6769745C 
 153 007a 68617264 		.ascii	"hard.cydsn\000"
ARM GAS  C:\Users\MECHAT~1\AppData\Local\Temp\cctuesya.s 			page 4
>>>>>>> bde16a60fc9443ec2d8f488d376a61c4e0b16aa3


 153      2E637964 
 153      736E00
 154              	.LASF14:
 155 0085 474E5520 		.ascii	"GNU C11 5.4.1 20160609 (release) [ARM/embedded-5-br"
 155      43313120 
 155      352E342E 
 155      31203230 
 155      31363036 
 156 00b8 616E6368 		.ascii	"anch revision 237715] -mcpu=cortex-m3 -mthumb -g -O"
 156      20726576 
 156      6973696F 
 156      6E203233 
 156      37373135 
 157 00eb 67202D66 		.ascii	"g -ffunction-sections -ffat-lto-objects\000"
 157      66756E63 
 157      74696F6E 
 157      2D736563 
 157      74696F6E 
 158              	.LASF5:
 159 0113 6C6F6E67 		.ascii	"long unsigned int\000"
 159      20756E73 
 159      69676E65 
 159      6420696E 
 159      7400
<<<<<<< HEAD
 160              	.LASF16:
 161 00d8 433A5C55 		.ascii	"C:\\Users\\mechatoro\\Documents\\PSoC Creator\\rota"
 161      73657273 
 161      5C6D6563 
 161      6861746F 
 161      726F5C44 
 162 0106 72795F65 		.ascii	"ry_enc_hard\\rotary_enc_hard.cydsn\000"
 162      6E635F68 
 162      6172645C 
 162      726F7461 
 162      72795F65 
 163              	.LASF1:
 164 0128 756E7369 		.ascii	"unsigned char\000"
 164      676E6564 
 164      20636861 
 164      7200
 165              	.LASF11:
 166 0136 63686172 		.ascii	"char\000"
 166      00
 167              	.LASF4:
 168 013b 6C6F6E67 		.ascii	"long int\000"
 168      20696E74 
 168      00
 169              	.LASF10:
 170 0144 646F7562 		.ascii	"double\000"
 170      6C6500
 171              	.LASF3:
 172 014b 73686F72 		.ascii	"short unsigned int\000"
 172      7420756E 
 172      7369676E 
 172      65642069 
 172      6E7400
 173              	.LASF0:
 174 015e 7369676E 		.ascii	"signed char\000"
 174      65642063 
 174      68617200 
 175              	.LASF15:
 176 016a 47656E65 		.ascii	"Generated_Source\\PSoC5\\USBUART_hid.c\000"
ARM GAS  C:\Users\MECHAT~1\AppData\Local\Temp\ccTijn77.s 			page 5
=======
 160              	.LASF7:
 161 0125 6C6F6E67 		.ascii	"long long unsigned int\000"
 161      206C6F6E 
 161      6720756E 
 161      7369676E 
 161      65642069 
 162              	.LASF9:
 163 013c 666C6F61 		.ascii	"float\000"
 163      7400
 164              	.LASF1:
 165 0142 756E7369 		.ascii	"unsigned char\000"
 165      676E6564 
 165      20636861 
 165      7200
 166              	.LASF11:
 167 0150 63686172 		.ascii	"char\000"
 167      00
 168              	.LASF4:
 169 0155 6C6F6E67 		.ascii	"long int\000"
 169      20696E74 
 169      00
 170              	.LASF10:
 171 015e 646F7562 		.ascii	"double\000"
 171      6C6500
 172              	.LASF3:
 173 0165 73686F72 		.ascii	"short unsigned int\000"
 173      7420756E 
 173      7369676E 
 173      65642069 
 173      6E7400
 174              	.LASF0:
 175 0178 7369676E 		.ascii	"signed char\000"
 175      65642063 
ARM GAS  C:\Users\MECHAT~1\AppData\Local\Temp\cctuesya.s 			page 5
>>>>>>> bde16a60fc9443ec2d8f488d376a61c4e0b16aa3


 175      68617200 
 176              	.LASF15:
 177 0184 47656E65 		.ascii	"Generated_Source\\PSoC5\\USBUART_hid.c\000"
 177      72617465 
 177      645F536F 
 177      75726365 
 177      5C50536F 
 178              	.LASF12:
 179 01a9 6C6F6E67 		.ascii	"long double\000"
 179      20646F75 
 179      626C6500 
 180              	.LASF2:
 181 01b5 73686F72 		.ascii	"short int\000"
 181      7420696E 
 181      7400
 182              	.LASF13:
 183 01bf 73697A65 		.ascii	"sizetype\000"
 183      74797065 
 183      00
 184              		.ident	"GCC: (GNU Tools for ARM Embedded Processors) 5.4.1 20160609 (release) [ARM/embedded-5-bran
